2023-11-04 13:20:43,639 luigi[22632] INFO: logging configured via special settings
2023-11-04 13:20:43,639 luigi.scheduler[22632] INFO: No prior state file exists at /var/lib/luigi-server/state.pickle. Starting with empty state
2023-11-04 13:20:43,647 luigi.server[22632] INFO: Scheduler starting up
2023-11-04 13:20:43,743 tornado.access[22632] INFO: 302 GET / (::1) 0.00ms
2023-11-04 13:20:43,775 tornado.access[22632] INFO: 200 GET /static/visualiser/index.html (::1) 27.35ms
2023-11-04 13:20:43,792 tornado.access[22632] INFO: 200 GET /static/visualiser/css/luigi.css (::1) 4.34ms
2023-11-04 13:20:43,793 tornado.access[22632] INFO: 200 GET /static/visualiser/lib/bootstrap3/css/bootstrap-theme.min.css (::1) 1.51ms
2023-11-04 13:20:43,797 tornado.access[22632] INFO: 200 GET /static/visualiser/css/tipsy.css (::1) 5.26ms
2023-11-04 13:20:43,797 tornado.access[22632] INFO: 200 GET /static/visualiser/css/font-awesome.min.css (::1) 0.00ms
2023-11-04 13:20:43,802 tornado.access[22632] INFO: 200 GET /static/visualiser/lib/bootstrap3/css/bootstrap.min.css (::1) 5.52ms
2023-11-04 13:20:43,805 tornado.access[22632] INFO: 200 GET /static/visualiser/lib/AdminLTE/css/skin-green-light.min.css (127.0.0.1) 1.80ms
2023-11-04 13:20:43,805 tornado.access[22632] INFO: 200 GET /static/visualiser/lib/datatables/css/jquery.dataTables.min.css (127.0.0.1) 1.80ms
2023-11-04 13:20:43,809 tornado.access[22632] INFO: 200 GET /static/visualiser/lib/jquery-1.10.0.min.js (::1) 5.82ms
2023-11-04 13:20:43,813 tornado.access[22632] INFO: 200 GET /static/visualiser/lib/bootstrap3/js/bootstrap.min.js (::1) 10.33ms
2023-11-04 13:20:43,817 tornado.access[22632] INFO: 200 GET /static/visualiser/lib/AdminLTE/css/AdminLTE.min.css (::1) 12.04ms
2023-11-04 13:20:43,821 tornado.access[22632] INFO: 200 GET /static/visualiser/lib/bootstrap-toggle/css/bootstrap-toggle.min.css (::1) 4.02ms
2023-11-04 13:20:43,826 tornado.access[22632] INFO: 200 GET /static/visualiser/lib/d3/d3.min.js (127.0.0.1) 9.56ms
2023-11-04 13:20:43,833 tornado.access[22632] INFO: 200 GET /static/visualiser/lib/d3/dagre-d3.min.js (127.0.0.1) 16.15ms
2023-11-04 13:20:43,833 tornado.access[22632] INFO: 200 GET /static/visualiser/lib/mustache.js (::1) 16.15ms
2023-11-04 13:20:43,833 tornado.access[22632] INFO: 200 GET /static/visualiser/js/util.js (::1) 16.15ms
2023-11-04 13:20:43,837 tornado.access[22632] INFO: 200 GET /static/visualiser/js/luigi.js (::1) 3.95ms
2023-11-04 13:20:43,841 tornado.access[22632] INFO: 200 GET /static/visualiser/js/graph.js (::1) 4.00ms
2023-11-04 13:20:43,843 tornado.access[22632] INFO: 200 GET /static/visualiser/js/visualiserApp.js (127.0.0.1) 6.01ms
2023-11-04 13:20:43,845 tornado.access[22632] INFO: 200 GET /static/visualiser/js/tipsy.js (127.0.0.1) 8.05ms
2023-11-04 13:20:43,845 tornado.access[22632] INFO: 200 GET /static/visualiser/lib/jquery.slimscroll.min.js (::1) 8.05ms
2023-11-04 13:20:43,849 tornado.access[22632] INFO: 200 GET /static/visualiser/lib/AdminLTE/js/app.min.js (::1) 12.06ms
2023-11-04 13:20:43,853 tornado.access[22632] INFO: 200 GET /static/visualiser/lib/datatables/js/jquery.dataTables.min.js (::1) 8.57ms
2023-11-04 13:20:43,857 tornado.access[22632] INFO: 200 GET /static/visualiser/lib/URI/1.18.2/URI.js (::1) 3.65ms
2023-11-04 13:20:43,857 tornado.access[22632] INFO: 200 GET /static/visualiser/lib/bootstrap-toggle/js/bootstrap-toggle.min.js (127.0.0.1) 2.51ms
2023-11-04 13:20:44,097 tornado.access[22632] INFO: 200 GET /api/has_task_history?data=%7B%7D (127.0.0.1) 0.00ms
2023-11-04 13:20:44,097 tornado.access[22632] INFO: 200 GET /api/worker_list?data=%7B%7D (::1) 0.00ms
2023-11-04 13:20:44,097 tornado.access[22632] INFO: 200 GET /api/resource_list?data=%7B%7D (::1) 0.00ms
2023-11-04 13:20:44,097 tornado.access[22632] INFO: 200 GET /api/is_pause_enabled?data=%7B%7D (::1) 0.00ms
2023-11-04 13:20:44,117 tornado.access[22632] INFO: 200 GET /static/visualiser/lib/datatables/images/sort_both.png (::1) 0.00ms
2023-11-04 13:20:44,137 tornado.access[22632] INFO: 200 GET /api/task_list?data=%7B%22status%22%3A%22RUNNING%22%2C%22upstream_status%22%3A%22%22%2C%22search%22%3A%22%22%7D (::1) 3.94ms
2023-11-04 13:20:44,138 tornado.access[22632] INFO: 200 GET /api/task_list?data=%7B%22status%22%3A%22BATCH_RUNNING%22%2C%22upstream_status%22%3A%22%22%2C%22search%22%3A%22%22%7D (::1) 1.28ms
2023-11-04 13:20:44,138 tornado.access[22632] INFO: 200 GET /api/task_list?data=%7B%22status%22%3A%22FAILED%22%2C%22upstream_status%22%3A%22%22%2C%22search%22%3A%22%22%7D (::1) 0.00ms
2023-11-04 13:20:44,138 tornado.access[22632] INFO: 200 GET /api/task_list?data=%7B%22status%22%3A%22DISABLED%22%2C%22upstream_status%22%3A%22%22%2C%22search%22%3A%22%22%7D (::1) 0.00ms
2023-11-04 13:20:44,138 tornado.access[22632] INFO: 200 GET /api/task_list?data=%7B%22status%22%3A%22PENDING%22%2C%22upstream_status%22%3A%22UPSTREAM_FAILED%22%2C%22search%22%3A%22%22%7D (127.0.0.1) 0.00ms
2023-11-04 13:20:44,138 tornado.access[22632] INFO: 200 GET /api/task_list?data=%7B%22status%22%3A%22PENDING%22%2C%22upstream_status%22%3A%22UPSTREAM_DISABLED%22%2C%22search%22%3A%22%22%7D (127.0.0.1) 0.00ms
2023-11-04 13:20:44,141 tornado.access[22632] INFO: 200 GET /api/task_list?data=%7B%22status%22%3A%22PENDING%22%2C%22upstream_status%22%3A%22%22%2C%22search%22%3A%22%22%7D (::1) 3.01ms
2023-11-04 13:20:44,141 tornado.access[22632] INFO: 200 GET /api/task_list?data=%7B%22status%22%3A%22DONE%22%2C%22upstream_status%22%3A%22%22%2C%22search%22%3A%22%22%7D (::1) 0.00ms
2023-11-04 13:20:44,153 tornado.access[22632] INFO: 200 GET /static/visualiser/fonts/fontawesome-webfont.woff2?v=4.3.0 (::1) 2.51ms
2023-11-04 13:20:44,165 tornado.access[22632] INFO: 200 GET /api/is_paused?data=%7B%7D (::1) 2.54ms
2023-11-04 13:20:44,233 tornado.access[22632] WARNING: 404 GET /favicon.ico (::1) 0.00ms
2023-11-04 19:29:18,951 luigi[10524] INFO: logging configured via special settings
2023-11-04 19:29:18,953 luigi.scheduler[10524] INFO: No prior state file exists at /var/lib/luigi-server/state.pickle. Starting with empty state
2023-11-04 19:29:18,961 luigi.server[10524] INFO: Scheduler starting up
2023-11-04 19:29:19,463 tornado.access[10524] INFO: 302 GET / (::1) 1.00ms
2023-11-04 19:29:19,548 tornado.access[10524] INFO: 200 GET /static/visualiser/index.html (::1) 81.42ms
2023-11-04 19:29:19,617 tornado.access[10524] INFO: 200 GET /static/visualiser/css/luigi.css (::1) 4.93ms
2023-11-04 19:29:19,626 tornado.access[10524] INFO: 200 GET /static/visualiser/lib/bootstrap3/js/bootstrap.min.js (::1) 7.15ms
2023-11-04 19:29:19,630 tornado.access[10524] INFO: 200 GET /static/visualiser/lib/bootstrap3/css/bootstrap-theme.min.css (::1) 9.85ms
2023-11-04 19:29:19,637 tornado.access[10524] INFO: 200 GET /static/visualiser/lib/bootstrap3/css/bootstrap.min.css (::1) 17.23ms
2023-11-04 19:29:19,651 tornado.access[10524] INFO: 200 GET /static/visualiser/lib/jquery-1.10.0.min.js (::1) 12.33ms
2023-11-04 19:29:19,654 tornado.access[10524] INFO: 200 GET /static/visualiser/css/tipsy.css (::1) 14.36ms
2023-11-04 19:29:19,658 tornado.access[10524] INFO: 200 GET /static/visualiser/css/font-awesome.min.css (::1) 18.39ms
2023-11-04 19:29:19,662 tornado.access[10524] INFO: 200 GET /static/visualiser/lib/AdminLTE/css/skin-green-light.min.css (::1) 20.93ms
2023-11-04 19:29:19,666 tornado.access[10524] INFO: 200 GET /static/visualiser/lib/datatables/css/jquery.dataTables.min.css (::1) 24.93ms
2023-11-04 19:29:19,675 tornado.access[10524] INFO: 200 GET /static/visualiser/lib/bootstrap-toggle/css/bootstrap-toggle.min.css (::1) 8.17ms
2023-11-04 19:29:19,684 tornado.access[10524] INFO: 200 GET /static/visualiser/lib/AdminLTE/css/AdminLTE.min.css (::1) 16.36ms
2023-11-04 19:29:19,703 tornado.access[10524] INFO: 200 GET /static/visualiser/lib/d3/d3.min.js (::1) 34.43ms
2023-11-04 19:29:19,716 tornado.access[10524] INFO: 200 GET /static/visualiser/lib/d3/dagre-d3.min.js (::1) 47.59ms
2023-11-04 19:29:19,720 tornado.access[10524] INFO: 200 GET /static/visualiser/lib/mustache.js (::1) 50.49ms
2023-11-04 19:29:19,724 tornado.access[10524] INFO: 200 GET /static/visualiser/js/util.js (::1) 54.27ms
2023-11-04 19:29:19,731 tornado.access[10524] INFO: 200 GET /static/visualiser/js/luigi.js (::1) 7.93ms
2023-11-04 19:29:19,736 tornado.access[10524] INFO: 200 GET /static/visualiser/js/graph.js (::1) 10.99ms
2023-11-04 19:29:19,747 tornado.access[10524] INFO: 200 GET /static/visualiser/js/visualiserApp.js (::1) 22.02ms
2023-11-04 19:29:19,760 tornado.access[10524] INFO: 200 GET /static/visualiser/js/tipsy.js (::1) 32.17ms
2023-11-04 19:29:19,768 tornado.access[10524] INFO: 200 GET /static/visualiser/lib/jquery.slimscroll.min.js (::1) 40.48ms
2023-11-04 19:29:19,780 tornado.access[10524] INFO: 200 GET /static/visualiser/lib/AdminLTE/js/app.min.js (::1) 53.07ms
2023-11-04 19:29:19,793 tornado.access[10524] INFO: 200 GET /static/visualiser/lib/datatables/js/jquery.dataTables.min.js (::1) 12.12ms
2023-11-04 19:29:19,801 tornado.access[10524] INFO: 200 GET /static/visualiser/lib/URI/1.18.2/URI.js (::1) 17.54ms
2023-11-04 19:29:19,804 tornado.access[10524] INFO: 200 GET /static/visualiser/lib/bootstrap-toggle/js/bootstrap-toggle.min.js (::1) 21.54ms
2023-11-04 19:29:19,926 tornado.access[10524] INFO: 200 GET /api/has_task_history?data=%7B%7D (::1) 3.65ms
2023-11-04 19:29:19,932 tornado.access[10524] INFO: 200 GET /api/is_pause_enabled?data=%7B%7D (::1) 4.17ms
2023-11-04 19:29:19,932 tornado.access[10524] INFO: 200 GET /api/resource_list?data=%7B%7D (::1) 3.65ms
2023-11-04 19:29:19,933 tornado.access[10524] INFO: 200 GET /api/worker_list?data=%7B%7D (::1) 3.54ms
2023-11-04 19:29:19,937 tornado.access[10524] INFO: 200 GET /static/visualiser/lib/datatables/images/sort_both.png (::1) 2.53ms
2023-11-04 19:29:19,940 tornado.access[10524] INFO: 200 GET /api/task_list?data=%7B%22status%22%3A%22RUNNING%22%2C%22upstream_status%22%3A%22%22%2C%22search%22%3A%22%22%7D (::1) 2.47ms
2023-11-04 19:29:19,940 tornado.access[10524] INFO: 200 GET /api/task_list?data=%7B%22status%22%3A%22BATCH_RUNNING%22%2C%22upstream_status%22%3A%22%22%2C%22search%22%3A%22%22%7D (::1) 1.52ms
2023-11-04 19:29:19,944 tornado.access[10524] INFO: 200 GET /api/task_list?data=%7B%22status%22%3A%22PENDING%22%2C%22upstream_status%22%3A%22UPSTREAM_DISABLED%22%2C%22search%22%3A%22%22%7D (::1) 2.38ms
2023-11-04 19:29:19,946 tornado.access[10524] INFO: 200 GET /api/task_list?data=%7B%22status%22%3A%22FAILED%22%2C%22upstream_status%22%3A%22%22%2C%22search%22%3A%22%22%7D (::1) 3.92ms
2023-11-04 19:29:19,948 tornado.access[10524] INFO: 200 GET /api/task_list?data=%7B%22status%22%3A%22PENDING%22%2C%22upstream_status%22%3A%22%22%2C%22search%22%3A%22%22%7D (::1) 4.42ms
2023-11-04 19:29:19,952 tornado.access[10524] INFO: 200 GET /api/task_list?data=%7B%22status%22%3A%22DONE%22%2C%22upstream_status%22%3A%22%22%2C%22search%22%3A%22%22%7D (::1) 6.56ms
2023-11-04 19:29:19,953 tornado.access[10524] INFO: 200 GET /api/task_list?data=%7B%22status%22%3A%22PENDING%22%2C%22upstream_status%22%3A%22UPSTREAM_FAILED%22%2C%22search%22%3A%22%22%7D (::1) 5.53ms
2023-11-04 19:29:19,954 tornado.access[10524] INFO: 200 GET /api/task_list?data=%7B%22status%22%3A%22DISABLED%22%2C%22upstream_status%22%3A%22%22%2C%22search%22%3A%22%22%7D (::1) 5.53ms
2023-11-04 19:29:20,039 tornado.access[10524] INFO: 200 GET /static/visualiser/fonts/fontawesome-webfont.woff2?v=4.3.0 (::1) 3.03ms
2023-11-04 19:29:20,123 tornado.access[10524] INFO: 200 GET /api/is_paused?data=%7B%7D (::1) 2.00ms
2023-11-04 21:29:31,457 tornado.access[10524] INFO: 304 GET /static/visualiser/index.html (::1) 14.71ms
2023-11-04 21:29:31,608 tornado.access[10524] INFO: 304 GET /api/worker_list?data=%7B%7D (::1) 11.22ms
2023-11-04 21:29:31,609 tornado.access[10524] INFO: 304 GET /api/resource_list?data=%7B%7D (::1) 5.78ms
2023-11-04 21:29:31,613 tornado.access[10524] INFO: 304 GET /api/task_list?data=%7B%22status%22%3A%22RUNNING%22%2C%22upstream_status%22%3A%22%22%2C%22search%22%3A%22%22%7D (::1) 2.85ms
2023-11-04 21:29:31,613 tornado.access[10524] INFO: 304 GET /api/has_task_history?data=%7B%7D (::1) 2.34ms
2023-11-04 21:29:31,614 tornado.access[10524] INFO: 304 GET /api/is_pause_enabled?data=%7B%7D (::1) 2.34ms
2023-11-04 21:29:31,614 tornado.access[10524] INFO: 304 GET /api/task_list?data=%7B%22status%22%3A%22PENDING%22%2C%22upstream_status%22%3A%22UPSTREAM_FAILED%22%2C%22search%22%3A%22%22%7D (::1) 1.75ms
2023-11-04 21:29:31,621 tornado.access[10524] INFO: 304 GET /api/task_list?data=%7B%22status%22%3A%22DISABLED%22%2C%22upstream_status%22%3A%22%22%2C%22search%22%3A%22%22%7D (::1) 5.93ms
2023-11-04 21:29:31,622 tornado.access[10524] INFO: 304 GET /api/task_list?data=%7B%22status%22%3A%22BATCH_RUNNING%22%2C%22upstream_status%22%3A%22%22%2C%22search%22%3A%22%22%7D (::1) 5.39ms
2023-11-04 21:29:31,622 tornado.access[10524] INFO: 304 GET /api/task_list?data=%7B%22status%22%3A%22FAILED%22%2C%22upstream_status%22%3A%22%22%2C%22search%22%3A%22%22%7D (::1) 5.39ms
2023-11-04 21:29:31,623 tornado.access[10524] INFO: 304 GET /api/task_list?data=%7B%22status%22%3A%22PENDING%22%2C%22upstream_status%22%3A%22UPSTREAM_DISABLED%22%2C%22search%22%3A%22%22%7D (::1) 4.94ms
2023-11-04 21:29:31,623 tornado.access[10524] INFO: 304 GET /api/task_list?data=%7B%22status%22%3A%22PENDING%22%2C%22upstream_status%22%3A%22%22%2C%22search%22%3A%22%22%7D (::1) 4.37ms
2023-11-04 21:29:31,623 tornado.access[10524] INFO: 304 GET /api/task_list?data=%7B%22status%22%3A%22DONE%22%2C%22upstream_status%22%3A%22%22%2C%22search%22%3A%22%22%7D (::1) 3.29ms
2023-11-04 21:29:31,626 tornado.access[10524] INFO: 304 GET /api/is_paused?data=%7B%7D (::1) 1.61ms
2023-11-04 21:29:32,691 tornado.access[10524] INFO: 304 GET /static/visualiser/index.html (::1) 1.57ms
2023-11-04 21:29:32,746 tornado.access[10524] INFO: 304 GET /api/has_task_history?data=%7B%7D (::1) 0.99ms
2023-11-04 21:29:32,749 tornado.access[10524] INFO: 304 GET /api/resource_list?data=%7B%7D (::1) 2.00ms
2023-11-04 21:29:32,749 tornado.access[10524] INFO: 304 GET /api/worker_list?data=%7B%7D (::1) 1.00ms
2023-11-04 21:29:32,750 tornado.access[10524] INFO: 304 GET /api/is_pause_enabled?data=%7B%7D (::1) 2.00ms
2023-11-04 21:29:32,756 tornado.access[10524] INFO: 304 GET /api/task_list?data=%7B%22status%22%3A%22RUNNING%22%2C%22upstream_status%22%3A%22%22%2C%22search%22%3A%22%22%7D (::1) 1.33ms
2023-11-04 21:29:32,757 tornado.access[10524] INFO: 304 GET /api/task_list?data=%7B%22status%22%3A%22PENDING%22%2C%22upstream_status%22%3A%22%22%2C%22search%22%3A%22%22%7D (::1) 1.02ms
2023-11-04 21:29:32,760 tornado.access[10524] INFO: 304 GET /api/task_list?data=%7B%22status%22%3A%22FAILED%22%2C%22upstream_status%22%3A%22%22%2C%22search%22%3A%22%22%7D (::1) 3.00ms
2023-11-04 21:29:32,760 tornado.access[10524] INFO: 304 GET /api/task_list?data=%7B%22status%22%3A%22BATCH_RUNNING%22%2C%22upstream_status%22%3A%22%22%2C%22search%22%3A%22%22%7D (::1) 2.51ms
2023-11-04 21:29:32,760 tornado.access[10524] INFO: 304 GET /api/task_list?data=%7B%22status%22%3A%22PENDING%22%2C%22upstream_status%22%3A%22UPSTREAM_FAILED%22%2C%22search%22%3A%22%22%7D (::1) 2.51ms
2023-11-04 21:29:32,760 tornado.access[10524] INFO: 304 GET /api/task_list?data=%7B%22status%22%3A%22PENDING%22%2C%22upstream_status%22%3A%22UPSTREAM_DISABLED%22%2C%22search%22%3A%22%22%7D (::1) 1.51ms
2023-11-04 21:29:32,760 tornado.access[10524] INFO: 304 GET /api/task_list?data=%7B%22status%22%3A%22DISABLED%22%2C%22upstream_status%22%3A%22%22%2C%22search%22%3A%22%22%7D (::1) 1.51ms
2023-11-04 21:29:32,763 tornado.access[10524] INFO: 304 GET /api/task_list?data=%7B%22status%22%3A%22DONE%22%2C%22upstream_status%22%3A%22%22%2C%22search%22%3A%22%22%7D (::1) 2.01ms
2023-11-04 21:29:32,773 tornado.access[10524] INFO: 304 GET /api/is_paused?data=%7B%7D (::1) 1.00ms
2023-11-04 21:29:33,306 tornado.access[10524] INFO: 304 GET /static/visualiser/index.html (::1) 1.00ms
2023-11-04 21:29:33,359 tornado.access[10524] INFO: 304 GET /api/has_task_history?data=%7B%7D (::1) 1.72ms
2023-11-04 21:29:33,362 tornado.access[10524] INFO: 304 GET /api/resource_list?data=%7B%7D (::1) 1.52ms
2023-11-04 21:29:33,363 tornado.access[10524] INFO: 304 GET /api/worker_list?data=%7B%7D (::1) 1.89ms
2023-11-04 21:29:33,363 tornado.access[10524] INFO: 304 GET /api/is_pause_enabled?data=%7B%7D (::1) 1.00ms
2023-11-04 21:29:33,367 tornado.access[10524] INFO: 304 GET /api/task_list?data=%7B%22status%22%3A%22BATCH_RUNNING%22%2C%22upstream_status%22%3A%22%22%2C%22search%22%3A%22%22%7D (::1) 3.00ms
2023-11-04 21:29:33,368 tornado.access[10524] INFO: 304 GET /api/task_list?data=%7B%22status%22%3A%22FAILED%22%2C%22upstream_status%22%3A%22%22%2C%22search%22%3A%22%22%7D (::1) 3.00ms
2023-11-04 21:29:33,368 tornado.access[10524] INFO: 304 GET /api/task_list?data=%7B%22status%22%3A%22RUNNING%22%2C%22upstream_status%22%3A%22%22%2C%22search%22%3A%22%22%7D (::1) 1.00ms
2023-11-04 21:29:33,370 tornado.access[10524] INFO: 304 GET /api/task_list?data=%7B%22status%22%3A%22PENDING%22%2C%22upstream_status%22%3A%22%22%2C%22search%22%3A%22%22%7D (::1) 1.00ms
2023-11-04 21:29:33,371 tornado.access[10524] INFO: 304 GET /api/task_list?data=%7B%22status%22%3A%22DONE%22%2C%22upstream_status%22%3A%22%22%2C%22search%22%3A%22%22%7D (::1) 1.00ms
2023-11-04 21:29:33,373 tornado.access[10524] INFO: 304 GET /api/task_list?data=%7B%22status%22%3A%22PENDING%22%2C%22upstream_status%22%3A%22UPSTREAM_DISABLED%22%2C%22search%22%3A%22%22%7D (::1) 2.01ms
2023-11-04 21:29:33,374 tornado.access[10524] INFO: 304 GET /api/task_list?data=%7B%22status%22%3A%22DISABLED%22%2C%22upstream_status%22%3A%22%22%2C%22search%22%3A%22%22%7D (::1) 2.01ms
2023-11-04 21:29:33,374 tornado.access[10524] INFO: 304 GET /api/task_list?data=%7B%22status%22%3A%22PENDING%22%2C%22upstream_status%22%3A%22UPSTREAM_FAILED%22%2C%22search%22%3A%22%22%7D (::1) 1.00ms
2023-11-04 21:29:33,381 tornado.access[10524] INFO: 304 GET /api/is_paused?data=%7B%7D (::1) 1.57ms
2023-11-04 21:36:40,180 tornado.access[10524] INFO: 304 GET /static/visualiser/index.html (::1) 1.41ms
2023-11-04 21:36:40,262 tornado.access[10524] INFO: 304 GET /api/has_task_history?data=%7B%7D (::1) 1.00ms
2023-11-04 21:36:40,265 tornado.access[10524] INFO: 304 GET /api/is_pause_enabled?data=%7B%7D (::1) 2.00ms
2023-11-04 21:36:40,270 tornado.access[10524] INFO: 304 GET /api/worker_list?data=%7B%7D (::1) 4.07ms
2023-11-04 21:36:40,272 tornado.access[10524] INFO: 304 GET /api/resource_list?data=%7B%7D (::1) 4.07ms
2023-11-04 21:36:40,275 tornado.access[10524] INFO: 304 GET /api/task_list?data=%7B%22status%22%3A%22RUNNING%22%2C%22upstream_status%22%3A%22%22%2C%22search%22%3A%22%22%7D (::1) 1.00ms
2023-11-04 21:36:40,282 tornado.access[10524] INFO: 304 GET /api/task_list?data=%7B%22status%22%3A%22PENDING%22%2C%22upstream_status%22%3A%22%22%2C%22search%22%3A%22%22%7D (::1) 4.54ms
2023-11-04 21:36:40,286 tornado.access[10524] INFO: 304 GET /api/task_list?data=%7B%22status%22%3A%22BATCH_RUNNING%22%2C%22upstream_status%22%3A%22%22%2C%22search%22%3A%22%22%7D (::1) 5.99ms
2023-11-04 21:36:40,286 tornado.access[10524] INFO: 304 GET /api/task_list?data=%7B%22status%22%3A%22DISABLED%22%2C%22upstream_status%22%3A%22%22%2C%22search%22%3A%22%22%7D (::1) 2.99ms
2023-11-04 21:36:40,287 tornado.access[10524] INFO: 304 GET /api/task_list?data=%7B%22status%22%3A%22PENDING%22%2C%22upstream_status%22%3A%22UPSTREAM_DISABLED%22%2C%22search%22%3A%22%22%7D (::1) 3.00ms
2023-11-04 21:36:40,291 tornado.access[10524] INFO: 304 GET /api/task_list?data=%7B%22status%22%3A%22PENDING%22%2C%22upstream_status%22%3A%22UPSTREAM_FAILED%22%2C%22search%22%3A%22%22%7D (::1) 3.51ms
2023-11-04 21:36:40,292 tornado.access[10524] INFO: 304 GET /api/task_list?data=%7B%22status%22%3A%22FAILED%22%2C%22upstream_status%22%3A%22%22%2C%22search%22%3A%22%22%7D (::1) 3.60ms
2023-11-04 21:36:40,292 tornado.access[10524] INFO: 304 GET /api/task_list?data=%7B%22status%22%3A%22DONE%22%2C%22upstream_status%22%3A%22%22%2C%22search%22%3A%22%22%7D (::1) 2.08ms
2023-11-04 21:36:40,299 tornado.access[10524] INFO: 304 GET /api/is_paused?data=%7B%7D (::1) 1.51ms
2023-11-04 21:36:40,902 tornado.access[10524] INFO: 304 GET /static/visualiser/index.html (::1) 0.93ms
2023-11-04 21:36:40,960 tornado.access[10524] INFO: 304 GET /api/has_task_history?data=%7B%7D (::1) 1.01ms
2023-11-04 21:36:40,963 tornado.access[10524] INFO: 304 GET /api/worker_list?data=%7B%7D (::1) 2.00ms
2023-11-04 21:36:40,963 tornado.access[10524] INFO: 304 GET /api/is_pause_enabled?data=%7B%7D (::1) 2.00ms
2023-11-04 21:36:40,963 tornado.access[10524] INFO: 304 GET /api/resource_list?data=%7B%7D (::1) 1.00ms
2023-11-04 21:36:40,969 tornado.access[10524] INFO: 304 GET /api/task_list?data=%7B%22status%22%3A%22RUNNING%22%2C%22upstream_status%22%3A%22%22%2C%22search%22%3A%22%22%7D (::1) 1.50ms
2023-11-04 21:36:40,970 tornado.access[10524] INFO: 304 GET /api/task_list?data=%7B%22status%22%3A%22PENDING%22%2C%22upstream_status%22%3A%22%22%2C%22search%22%3A%22%22%7D (::1) 1.00ms
2023-11-04 21:36:40,974 tornado.access[10524] INFO: 304 GET /api/task_list?data=%7B%22status%22%3A%22DONE%22%2C%22upstream_status%22%3A%22%22%2C%22search%22%3A%22%22%7D (::1) 4.10ms
2023-11-04 21:36:40,975 tornado.access[10524] INFO: 304 GET /api/task_list?data=%7B%22status%22%3A%22FAILED%22%2C%22upstream_status%22%3A%22%22%2C%22search%22%3A%22%22%7D (::1) 4.01ms
2023-11-04 21:36:40,975 tornado.access[10524] INFO: 304 GET /api/task_list?data=%7B%22status%22%3A%22BATCH_RUNNING%22%2C%22upstream_status%22%3A%22%22%2C%22search%22%3A%22%22%7D (::1) 4.01ms
2023-11-04 21:36:40,975 tornado.access[10524] INFO: 304 GET /api/task_list?data=%7B%22status%22%3A%22PENDING%22%2C%22upstream_status%22%3A%22UPSTREAM_DISABLED%22%2C%22search%22%3A%22%22%7D (::1) 2.99ms
2023-11-04 21:36:40,976 tornado.access[10524] INFO: 304 GET /api/task_list?data=%7B%22status%22%3A%22DISABLED%22%2C%22upstream_status%22%3A%22%22%2C%22search%22%3A%22%22%7D (::1) 3.99ms
2023-11-04 21:36:40,976 tornado.access[10524] INFO: 304 GET /api/task_list?data=%7B%22status%22%3A%22PENDING%22%2C%22upstream_status%22%3A%22UPSTREAM_FAILED%22%2C%22search%22%3A%22%22%7D (::1) 2.84ms
2023-11-04 21:36:40,987 tornado.access[10524] INFO: 304 GET /api/is_paused?data=%7B%7D (::1) 1.52ms
2023-11-04 21:36:41,397 tornado.access[10524] INFO: 304 GET /static/visualiser/index.html (::1) 1.00ms
2023-11-04 21:36:41,470 tornado.access[10524] INFO: 304 GET /api/has_task_history?data=%7B%7D (::1) 1.09ms
2023-11-04 21:36:41,473 tornado.access[10524] INFO: 304 GET /api/resource_list?data=%7B%7D (::1) 2.68ms
2023-11-04 21:36:41,473 tornado.access[10524] INFO: 304 GET /api/worker_list?data=%7B%7D (::1) 1.61ms
2023-11-04 21:36:41,474 tornado.access[10524] INFO: 304 GET /api/is_pause_enabled?data=%7B%7D (::1) 1.60ms
2023-11-04 21:36:41,481 tornado.access[10524] INFO: 304 GET /api/task_list?data=%7B%22status%22%3A%22RUNNING%22%2C%22upstream_status%22%3A%22%22%2C%22search%22%3A%22%22%7D (::1) 1.76ms
2023-11-04 21:36:41,488 tornado.access[10524] INFO: 304 GET /api/task_list?data=%7B%22status%22%3A%22PENDING%22%2C%22upstream_status%22%3A%22%22%2C%22search%22%3A%22%22%7D (::1) 6.26ms
2023-11-04 21:36:41,488 tornado.access[10524] INFO: 304 GET /api/task_list?data=%7B%22status%22%3A%22DISABLED%22%2C%22upstream_status%22%3A%22%22%2C%22search%22%3A%22%22%7D (::1) 5.10ms
2023-11-04 21:36:41,489 tornado.access[10524] INFO: 304 GET /api/task_list?data=%7B%22status%22%3A%22FAILED%22%2C%22upstream_status%22%3A%22%22%2C%22search%22%3A%22%22%7D (::1) 5.02ms
2023-11-04 21:36:41,489 tornado.access[10524] INFO: 304 GET /api/task_list?data=%7B%22status%22%3A%22BATCH_RUNNING%22%2C%22upstream_status%22%3A%22%22%2C%22search%22%3A%22%22%7D (::1) 4.00ms
2023-11-04 21:36:41,490 tornado.access[10524] INFO: 304 GET /api/task_list?data=%7B%22status%22%3A%22PENDING%22%2C%22upstream_status%22%3A%22UPSTREAM_DISABLED%22%2C%22search%22%3A%22%22%7D (::1) 4.29ms
2023-11-04 21:36:41,490 tornado.access[10524] INFO: 304 GET /api/task_list?data=%7B%22status%22%3A%22PENDING%22%2C%22upstream_status%22%3A%22UPSTREAM_FAILED%22%2C%22search%22%3A%22%22%7D (::1) 3.30ms
2023-11-04 21:36:41,494 tornado.access[10524] INFO: 304 GET /api/task_list?data=%7B%22status%22%3A%22DONE%22%2C%22upstream_status%22%3A%22%22%2C%22search%22%3A%22%22%7D (::1) 2.76ms
2023-11-04 21:36:41,505 tornado.access[10524] INFO: 304 GET /api/is_paused?data=%7B%7D (::1) 2.00ms
2023-11-04 21:36:41,681 tornado.access[10524] INFO: 304 GET /static/visualiser/index.html (::1) 2.02ms
2023-11-04 21:36:41,749 tornado.access[10524] INFO: 304 GET /api/has_task_history?data=%7B%7D (::1) 1.00ms
2023-11-04 21:36:41,752 tornado.access[10524] INFO: 304 GET /api/resource_list?data=%7B%7D (::1) 3.40ms
2023-11-04 21:36:41,752 tornado.access[10524] INFO: 304 GET /api/worker_list?data=%7B%7D (::1) 2.00ms
2023-11-04 21:36:41,752 tornado.access[10524] INFO: 304 GET /api/is_pause_enabled?data=%7B%7D (::1) 1.01ms
2023-11-04 21:36:41,759 tornado.access[10524] INFO: 304 GET /api/task_list?data=%7B%22status%22%3A%22RUNNING%22%2C%22upstream_status%22%3A%22%22%2C%22search%22%3A%22%22%7D (::1) 1.59ms
2023-11-04 21:36:41,764 tornado.access[10524] INFO: 304 GET /api/task_list?data=%7B%22status%22%3A%22PENDING%22%2C%22upstream_status%22%3A%22%22%2C%22search%22%3A%22%22%7D (::1) 4.03ms
2023-11-04 21:36:41,765 tornado.access[10524] INFO: 304 GET /api/task_list?data=%7B%22status%22%3A%22DISABLED%22%2C%22upstream_status%22%3A%22%22%2C%22search%22%3A%22%22%7D (::1) 5.00ms
2023-11-04 21:36:41,766 tornado.access[10524] INFO: 304 GET /api/task_list?data=%7B%22status%22%3A%22FAILED%22%2C%22upstream_status%22%3A%22%22%2C%22search%22%3A%22%22%7D (::1) 5.00ms
2023-11-04 21:36:41,766 tornado.access[10524] INFO: 304 GET /api/task_list?data=%7B%22status%22%3A%22BATCH_RUNNING%22%2C%22upstream_status%22%3A%22%22%2C%22search%22%3A%22%22%7D (::1) 3.96ms
2023-11-04 21:36:41,767 tornado.access[10524] INFO: 304 GET /api/task_list?data=%7B%22status%22%3A%22PENDING%22%2C%22upstream_status%22%3A%22UPSTREAM_FAILED%22%2C%22search%22%3A%22%22%7D (::1) 4.00ms
2023-11-04 21:36:41,773 tornado.access[10524] INFO: 304 GET /api/task_list?data=%7B%22status%22%3A%22DONE%22%2C%22upstream_status%22%3A%22%22%2C%22search%22%3A%22%22%7D (::1) 5.22ms
2023-11-04 21:36:41,774 tornado.access[10524] INFO: 304 GET /api/task_list?data=%7B%22status%22%3A%22PENDING%22%2C%22upstream_status%22%3A%22UPSTREAM_DISABLED%22%2C%22search%22%3A%22%22%7D (::1) 3.00ms
2023-11-04 21:36:41,790 tornado.access[10524] INFO: 304 GET /api/is_paused?data=%7B%7D (::1) 2.06ms
2023-11-04 21:49:49,210 tornado.access[10524] INFO: 304 GET /static/visualiser/index.html (::1) 0.95ms
2023-11-04 21:49:49,273 tornado.access[10524] INFO: 304 GET /api/has_task_history?data=%7B%7D (::1) 1.01ms
2023-11-04 21:49:49,276 tornado.access[10524] INFO: 304 GET /api/is_pause_enabled?data=%7B%7D (::1) 2.66ms
2023-11-04 21:49:49,276 tornado.access[10524] INFO: 304 GET /api/resource_list?data=%7B%7D (::1) 1.07ms
2023-11-04 21:49:49,278 tornado.access[10524] INFO: 304 GET /api/worker_list?data=%7B%7D (::1) 1.01ms
2023-11-04 21:49:49,284 tornado.access[10524] INFO: 304 GET /api/task_list?data=%7B%22status%22%3A%22RUNNING%22%2C%22upstream_status%22%3A%22%22%2C%22search%22%3A%22%22%7D (::1) 1.99ms
2023-11-04 21:49:49,288 tornado.access[10524] INFO: 304 GET /api/task_list?data=%7B%22status%22%3A%22BATCH_RUNNING%22%2C%22upstream_status%22%3A%22%22%2C%22search%22%3A%22%22%7D (::1) 3.53ms
2023-11-04 21:49:49,288 tornado.access[10524] INFO: 304 GET /api/task_list?data=%7B%22status%22%3A%22DISABLED%22%2C%22upstream_status%22%3A%22%22%2C%22search%22%3A%22%22%7D (::1) 3.04ms
2023-11-04 21:49:49,289 tornado.access[10524] INFO: 304 GET /api/task_list?data=%7B%22status%22%3A%22PENDING%22%2C%22upstream_status%22%3A%22UPSTREAM_DISABLED%22%2C%22search%22%3A%22%22%7D (::1) 4.06ms
2023-11-04 21:49:49,292 tornado.access[10524] INFO: 304 GET /api/task_list?data=%7B%22status%22%3A%22PENDING%22%2C%22upstream_status%22%3A%22%22%2C%22search%22%3A%22%22%7D (::1) 2.27ms
2023-11-04 21:49:49,294 tornado.access[10524] INFO: 304 GET /api/task_list?data=%7B%22status%22%3A%22DONE%22%2C%22upstream_status%22%3A%22%22%2C%22search%22%3A%22%22%7D (::1) 1.98ms
2023-11-04 21:49:49,295 tornado.access[10524] INFO: 304 GET /api/task_list?data=%7B%22status%22%3A%22PENDING%22%2C%22upstream_status%22%3A%22UPSTREAM_FAILED%22%2C%22search%22%3A%22%22%7D (::1) 2.56ms
2023-11-04 21:49:49,295 tornado.access[10524] INFO: 304 GET /api/task_list?data=%7B%22status%22%3A%22FAILED%22%2C%22upstream_status%22%3A%22%22%2C%22search%22%3A%22%22%7D (::1) 1.51ms
2023-11-04 21:49:49,306 tornado.access[10524] INFO: 304 GET /api/is_paused?data=%7B%7D (::1) 2.51ms
2023-11-04 21:49:49,776 tornado.access[10524] INFO: 304 GET /static/visualiser/index.html (::1) 1.05ms
2023-11-04 21:49:49,841 tornado.access[10524] INFO: 304 GET /api/has_task_history?data=%7B%7D (::1) 1.00ms
2023-11-04 21:49:49,845 tornado.access[10524] INFO: 304 GET /api/is_pause_enabled?data=%7B%7D (::1) 3.51ms
2023-11-04 21:49:49,846 tornado.access[10524] INFO: 304 GET /api/worker_list?data=%7B%7D (::1) 2.54ms
2023-11-04 21:49:49,849 tornado.access[10524] INFO: 304 GET /api/resource_list?data=%7B%7D (::1) 2.00ms
2023-11-04 21:49:49,853 tornado.access[10524] INFO: 304 GET /api/task_list?data=%7B%22status%22%3A%22PENDING%22%2C%22upstream_status%22%3A%22UPSTREAM_DISABLED%22%2C%22search%22%3A%22%22%7D (::1) 3.00ms
2023-11-04 21:49:49,854 tornado.access[10524] INFO: 304 GET /api/task_list?data=%7B%22status%22%3A%22RUNNING%22%2C%22upstream_status%22%3A%22%22%2C%22search%22%3A%22%22%7D (::1) 2.02ms
2023-11-04 21:49:49,859 tornado.access[10524] INFO: 304 GET /api/task_list?data=%7B%22status%22%3A%22BATCH_RUNNING%22%2C%22upstream_status%22%3A%22%22%2C%22search%22%3A%22%22%7D (::1) 4.69ms
2023-11-04 21:49:49,860 tornado.access[10524] INFO: 304 GET /api/task_list?data=%7B%22status%22%3A%22FAILED%22%2C%22upstream_status%22%3A%22%22%2C%22search%22%3A%22%22%7D (::1) 4.30ms
2023-11-04 21:49:49,860 tornado.access[10524] INFO: 304 GET /api/task_list?data=%7B%22status%22%3A%22DISABLED%22%2C%22upstream_status%22%3A%22%22%2C%22search%22%3A%22%22%7D (::1) 3.11ms
2023-11-04 21:49:49,860 tornado.access[10524] INFO: 304 GET /api/task_list?data=%7B%22status%22%3A%22PENDING%22%2C%22upstream_status%22%3A%22UPSTREAM_FAILED%22%2C%22search%22%3A%22%22%7D (::1) 2.10ms
2023-11-04 21:49:49,862 tornado.access[10524] INFO: 304 GET /api/task_list?data=%7B%22status%22%3A%22PENDING%22%2C%22upstream_status%22%3A%22%22%2C%22search%22%3A%22%22%7D (::1) 4.12ms
2023-11-04 21:49:49,863 tornado.access[10524] INFO: 304 GET /api/task_list?data=%7B%22status%22%3A%22DONE%22%2C%22upstream_status%22%3A%22%22%2C%22search%22%3A%22%22%7D (::1) 1.95ms
2023-11-04 21:49:49,872 tornado.access[10524] INFO: 304 GET /api/is_paused?data=%7B%7D (::1) 1.00ms
2023-11-04 21:49:50,281 tornado.access[10524] INFO: 304 GET /static/visualiser/index.html (::1) 1.04ms
2023-11-04 21:49:50,333 tornado.access[10524] INFO: 304 GET /api/has_task_history?data=%7B%7D (::1) 1.02ms
2023-11-04 21:49:50,336 tornado.access[10524] INFO: 304 GET /api/resource_list?data=%7B%7D (::1) 2.57ms
2023-11-04 21:49:50,337 tornado.access[10524] INFO: 304 GET /api/worker_list?data=%7B%7D (::1) 3.56ms
2023-11-04 21:49:50,337 tornado.access[10524] INFO: 304 GET /api/is_pause_enabled?data=%7B%7D (::1) 2.01ms
2023-11-04 21:49:50,344 tornado.access[10524] INFO: 304 GET /api/task_list?data=%7B%22status%22%3A%22RUNNING%22%2C%22upstream_status%22%3A%22%22%2C%22search%22%3A%22%22%7D (::1) 1.00ms
2023-11-04 21:49:50,348 tornado.access[10524] INFO: 304 GET /api/task_list?data=%7B%22status%22%3A%22PENDING%22%2C%22upstream_status%22%3A%22%22%2C%22search%22%3A%22%22%7D (::1) 2.45ms
2023-11-04 21:49:50,349 tornado.access[10524] INFO: 304 GET /api/task_list?data=%7B%22status%22%3A%22BATCH_RUNNING%22%2C%22upstream_status%22%3A%22%22%2C%22search%22%3A%22%22%7D (::1) 1.39ms
2023-11-04 21:49:50,354 tornado.access[10524] INFO: 304 GET /api/task_list?data=%7B%22status%22%3A%22DONE%22%2C%22upstream_status%22%3A%22%22%2C%22search%22%3A%22%22%7D (::1) 5.00ms
2023-11-04 21:49:50,354 tornado.access[10524] INFO: 304 GET /api/task_list?data=%7B%22status%22%3A%22PENDING%22%2C%22upstream_status%22%3A%22UPSTREAM_DISABLED%22%2C%22search%22%3A%22%22%7D (::1) 4.00ms
2023-11-04 21:49:50,354 tornado.access[10524] INFO: 304 GET /api/task_list?data=%7B%22status%22%3A%22DISABLED%22%2C%22upstream_status%22%3A%22%22%2C%22search%22%3A%22%22%7D (::1) 3.00ms
2023-11-04 21:49:50,355 tornado.access[10524] INFO: 304 GET /api/task_list?data=%7B%22status%22%3A%22FAILED%22%2C%22upstream_status%22%3A%22%22%2C%22search%22%3A%22%22%7D (::1) 3.51ms
2023-11-04 21:49:50,355 tornado.access[10524] INFO: 304 GET /api/task_list?data=%7B%22status%22%3A%22PENDING%22%2C%22upstream_status%22%3A%22UPSTREAM_FAILED%22%2C%22search%22%3A%22%22%7D (::1) 2.51ms
2023-11-04 21:49:50,364 tornado.access[10524] INFO: 304 GET /api/is_paused?data=%7B%7D (::1) 1.96ms
2023-11-04 21:49:50,742 tornado.access[10524] INFO: 304 GET /static/visualiser/index.html (::1) 0.99ms
2023-11-04 21:49:50,790 tornado.access[10524] INFO: 304 GET /api/has_task_history?data=%7B%7D (::1) 1.00ms
2023-11-04 21:49:50,793 tornado.access[10524] INFO: 304 GET /api/resource_list?data=%7B%7D (::1) 3.00ms
2023-11-04 21:49:50,793 tornado.access[10524] INFO: 304 GET /api/worker_list?data=%7B%7D (::1) 2.00ms
2023-11-04 21:49:50,793 tornado.access[10524] INFO: 304 GET /api/is_pause_enabled?data=%7B%7D (::1) 1.00ms
2023-11-04 21:49:50,797 tornado.access[10524] INFO: 304 GET /api/task_list?data=%7B%22status%22%3A%22RUNNING%22%2C%22upstream_status%22%3A%22%22%2C%22search%22%3A%22%22%7D (::1) 1.00ms
2023-11-04 21:49:50,802 tornado.access[10524] INFO: 304 GET /api/task_list?data=%7B%22status%22%3A%22FAILED%22%2C%22upstream_status%22%3A%22%22%2C%22search%22%3A%22%22%7D (::1) 3.01ms
2023-11-04 21:49:50,802 tornado.access[10524] INFO: 304 GET /api/task_list?data=%7B%22status%22%3A%22BATCH_RUNNING%22%2C%22upstream_status%22%3A%22%22%2C%22search%22%3A%22%22%7D (::1) 3.01ms
2023-11-04 21:49:50,803 tornado.access[10524] INFO: 304 GET /api/task_list?data=%7B%22status%22%3A%22PENDING%22%2C%22upstream_status%22%3A%22UPSTREAM_DISABLED%22%2C%22search%22%3A%22%22%7D (::1) 3.00ms
2023-11-04 21:49:50,803 tornado.access[10524] INFO: 304 GET /api/task_list?data=%7B%22status%22%3A%22PENDING%22%2C%22upstream_status%22%3A%22UPSTREAM_FAILED%22%2C%22search%22%3A%22%22%7D (::1) 3.00ms
2023-11-04 21:49:50,803 tornado.access[10524] INFO: 304 GET /api/task_list?data=%7B%22status%22%3A%22DISABLED%22%2C%22upstream_status%22%3A%22%22%2C%22search%22%3A%22%22%7D (::1) 2.00ms
2023-11-04 21:49:50,806 tornado.access[10524] INFO: 304 GET /api/task_list?data=%7B%22status%22%3A%22DONE%22%2C%22upstream_status%22%3A%22%22%2C%22search%22%3A%22%22%7D (::1) 2.51ms
2023-11-04 21:49:50,807 tornado.access[10524] INFO: 304 GET /api/task_list?data=%7B%22status%22%3A%22PENDING%22%2C%22upstream_status%22%3A%22%22%2C%22search%22%3A%22%22%7D (::1) 2.01ms
2023-11-04 21:49:50,816 tornado.access[10524] INFO: 304 GET /api/is_paused?data=%7B%7D (::1) 1.50ms
